INFO Using output format: markdown
INFO Gathering release notes
FATA gathering release notes: listing release notes: listing commits: GET https://api.github.com/repos/containers/podman/commits?page=1&per_page=100&sha=release
-1.24&since=2022-01-12T18%3A20%3A29Z&until=2022-02-23T19%3A34%3A57Z: 404 Not Found []
f libpod$ contrib/script/release-foo                                                                                                       podman-release-notes
INFO Using output format: markdown
INFO Gathering release notes
INFO Starting to process commit 1 of 307 (0.33%): c8b9a2e3ec3630e9172499e15205c11b823c8107
INFO Starting to process commit 2 of 307 (0.65%): b1ffa822f827999121f46be85c2896ae804f7574
INFO Starting to process commit 3 of 307 (0.98%): de9f2280524e5035b624cd21ffcf6cec6357b936
INFO Starting to process commit 4 of 307 (1.30%): 697dd2890e73db46c50bc891e94104c4b87c9542
INFO Starting to process commit 5 of 307 (1.63%): c559e4e6fb77c062727da365f482989c8d2a3cad
INFO Starting to process commit 6 of 307 (1.95%): 3718d096b11458267bac3eee776c3d598aeefa57
INFO Starting to process commit 7 of 307 (2.28%): e1d5c812d09295ffa0a0a1d30ffc28b1a504e03d
INFO Starting to process commit 8 of 307 (2.61%): 2b85f62a23e592a115fe8cab0c1b1f4b2dda36da
INFO Starting to process commit 9 of 307 (2.93%): 82f4760deaf57d54ec8476c1d4f5749c1ec3f82b
INFO Starting to process commit 10 of 307 (3.26%): e356dfe06b7a1a0f28815c9a1d591f7886570d2f
INFO Starting to process commit 11 of 307 (3.58%): 71b0909f2d71e542176a3e88111bf99c73d1f5cd
INFO Starting to process commit 12 of 307 (3.91%): ee7cf3cc2c212ff7a24bda49f95d494d99eb3cd7
INFO Starting to process commit 13 of 307 (4.23%): eb9fe52a555361f49f7b015163ecfcd91f1d6091
INFO Starting to process commit 14 of 307 (4.56%): a0c34d64a53e0eaa42ea8dbe433bae96c347ddc1
INFO Starting to process commit 15 of 307 (4.89%): 172b745d0e796327cc23c19e61973365bb1488ef
INFO Starting to process commit 16 of 307 (5.21%): e8d7e580a99b6a729eeab80a897298f3882084ef
INFO Starting to process commit 17 of 307 (5.54%): 7b106f5b6bc9149544a2d4ca22811498abffc82a
INFO Starting to process commit 18 of 307 (5.86%): 93e8c39834edd08c502d18c3d0b96948ec865a37
INFO Starting to process commit 19 of 307 (6.19%): d59749d64dc0d86a06b953b8fe41bb6d102b8556
INFO Starting to process commit 20 of 307 (6.51%): 49f8da7271ed9b9256a182aca004700047e271ed
INFO Starting to process commit 21 of 307 (6.84%): 84c8870ac236578c41713113fc09a29a5f727bdd
INFO Starting to process commit 22 of 307 (7.17%): 15cb918556940e5bf5735cc726ae36968ccded15
INFO Starting to process commit 23 of 307 (7.49%): ae9ad416a35a23afd11426fb4a2e65e9b45bd22f
INFO Starting to process commit 24 of 307 (7.82%): 1a8c715f1fa3fb417cd7ca3cde5e1c7e5391b3f4
INFO Starting to process commit 25 of 307 (8.14%): f71dfcb5dabf288073e81eb9b19013e4eb6f22cb
INFO Starting to process commit 26 of 307 (8.47%): 2128236da5f61f705c69b62fcac3eb7315e00a01
INFO Starting to process commit 27 of 307 (8.79%): 809da6b0ba8619bd8565a87388cf2cafad33cf99
INFO Starting to process commit 28 of 307 (9.12%): bd8ac0017ef61144920c305af5cc9bae6803d69b
INFO Starting to process commit 29 of 307 (9.45%): 77e51e188c2519ee8b58e79548dd5c8bcb31221e
INFO Starting to process commit 30 of 307 (9.77%): 8ad29421eb739f959d27213718a003b54e6c5cda
INFO Starting to process commit 31 of 307 (10.10%): f35e03ec81bcbf8751d288a030c409a34a36e7ef
INFO Starting to process commit 32 of 307 (10.42%): 22cfa98605620ee7528fbf84260bcc34762b0cc5
INFO Starting to process commit 33 of 307 (10.75%): d77b4f92c013b0d8773750abb75ca7816454e8a3
INFO Starting to process commit 34 of 307 (11.07%): a72e22160a2cf4fcf868d7095bcdf9eb5e92f3cd
INFO Starting to process commit 35 of 307 (11.40%): 975d79aedbf9284b77c47ececd544cb9b0f98d71
INFO Starting to process commit 36 of 307 (11.73%): a34f27959a6125dc3e27d962cf0ec8715c30eb3b
INFO Starting to process commit 37 of 307 (12.05%): 421b7466c2e877987248037ec3d64b1943307f2f
INFO Starting to process commit 38 of 307 (12.38%): 04badc2c9c7a3fde06d0069093840ec1d5a17eca
INFO Starting to process commit 39 of 307 (12.70%): aa1a6b6eaaa6700c0c0f42b60837bbf1b1af3c55
INFO Starting to process commit 40 of 307 (13.03%): 09708bee9c9057da5cc414506ca7b8a6678d3721
INFO Starting to process commit 41 of 307 (13.36%): 35a4f32be64e6e9cf7ae949a96e3703619305d31
INFO Starting to process commit 42 of 307 (13.68%): 629d86445961f452763b7e4a031e98a4e19daff6
INFO Starting to process commit 43 of 307 (14.01%): ab3e566d747551492dac8410c3023915491e2540
INFO Starting to process commit 44 of 307 (14.33%): b0a445e3545d66ba449f2e3e81bde3a2c5db4896
INFO Starting to process commit 45 of 307 (14.66%): a6fbfd47c9d11c8e98dd4fc668af86f2554996d0
INFO Starting to process commit 46 of 307 (14.98%): e5644bbf13f6600f7bfee5bcf9b0dfa641d60d5d
INFO Starting to process commit 47 of 307 (15.31%): 1656a23359b988a26581a610dcbcc109578ed66e
INFO Starting to process commit 48 of 307 (15.64%): afb39f2e477e62963b5acf688ab779897b39c517
INFO Starting to process commit 49 of 307 (15.96%): 926c3b08ae4cf0d825f48b9a54a1544123be6fb7
INFO Starting to process commit 50 of 307 (16.29%): 1e3115cf42b3abc2cd62427e59ba71851da29b12
INFO Starting to process commit 51 of 307 (16.61%): 66a3be3709ae67ec14c0ecdfee3847066c90c9ae
INFO Starting to process commit 52 of 307 (16.94%): 6b0d4d9158662501b8bf36a69d351abaa9265c84
INFO Starting to process commit 53 of 307 (17.26%): b63f61f5cdf5416bb1431188e98ce55bd97f5cf0
INFO Starting to process commit 54 of 307 (17.59%): 6a3de93513947368bb27d2daf2d85e096bd5fa6b
INFO Starting to process commit 55 of 307 (17.92%): 9688a462e996ac5d2bebf24f7ffdfaca9dc0ff05
INFO Starting to process commit 56 of 307 (18.24%): 92790e98c6bc818e6941c66d9cd864d60938376f
INFO Starting to process commit 57 of 307 (18.57%): d7d79ce81594dde9a502317deaf0ff1de90d87e0
INFO Starting to process commit 58 of 307 (18.89%): 5356e36b8e0dc92a6f6298b680b57da2d1b437cd
INFO Starting to process commit 59 of 307 (19.22%): 77ca2498e9d0e71b5bd0867306775dc158554612
INFO Starting to process commit 60 of 307 (19.54%): f8cd4df1b6024baf0841f0d554ffcc4d975fe12d
INFO Starting to process commit 61 of 307 (19.87%): d0fccbbbbad9b47a39827865f96a1b03e12ac303
INFO Starting to process commit 62 of 307 (20.20%): e7998b1224c78acbd4cb1ada2d7ac50f53001926
INFO Starting to process commit 63 of 307 (20.52%): 6d01b6dd63132f06c97418799dc200efe6b144db
INFO Starting to process commit 64 of 307 (20.85%): ed60f8908672a251a6cd366c42152c100dbf68f7
INFO Starting to process commit 65 of 307 (21.17%): 7e37c608f7ac04ffbb6e11b5b774acfd7afb6d95
INFO Starting to process commit 66 of 307 (21.50%): 9aee36b768fbbf58dd8550380e6cb67e33af3a22
INFO Starting to process commit 67 of 307 (21.82%): b1b9a0d7a2a5c0ad789bd5537a081e33f0b0f7cb
INFO Starting to process commit 68 of 307 (22.15%): 74cba33c787adfb512d5a6eb53f548b0432122b5
INFO Starting to process commit 69 of 307 (22.48%): 7ec63f092fbd41214ab4fffde908919e7583047d
INFO Starting to process commit 70 of 307 (22.80%): d62a0204d4df0145e201038d9af62e887d8afe6a
INFO Starting to process commit 71 of 307 (23.13%): bcd5f5ead7b432f8a5f6c5438b5aa81134718c12
INFO Starting to process commit 72 of 307 (23.45%): b1bf91a22a8d5d4d676e48efa2073944baff14c1
INFO Starting to process commit 73 of 307 (23.78%): 85c0fe7dc086f89f958302b7fd0f5fe8103db441
INFO Starting to process commit 74 of 307 (24.10%): c4a9aa7c73e120fc2e246f056fec83ff35854dba
INFO Starting to process commit 75 of 307 (24.43%): ec889c819a5ae514e80eca1d2c032d9b95a01651
INFO Starting to process commit 76 of 307 (24.76%): 71d1514490e9366646bb28fa151c6b6c8f5745dd
INFO Starting to process commit 77 of 307 (25.08%): 345413540aef90e43635a3f2f7a72e237fa90787
INFO Starting to process commit 78 of 307 (25.41%): 5b2d96fc29c17253e3ddd0e18ce5f71710b83658
INFO Starting to process commit 79 of 307 (25.73%): 7499496f3ded8e46c3b4a4918feb02079eea9e51
INFO Starting to process commit 80 of 307 (26.06%): 2dca7b25d8af3285fa6c5bec7f32523a32a0d411
INFO Starting to process commit 81 of 307 (26.38%): e47a3bec91f65a47a7455f3d970b4ba443565663
INFO Starting to process commit 82 of 307 (26.71%): 4ad9e0030bc20826f735cf4ec0d5ecc287647218
INFO Starting to process commit 83 of 307 (27.04%): cad3eb78b4b17e7edec1fdec9ce8a948ab2819e1
INFO Starting to process commit 84 of 307 (27.36%): 0c9648136f8a1384b42f20f120683cc32af2ff3a
INFO Starting to process commit 85 of 307 (27.69%): c1618042fd877168c5d875b8f2a67b54d904974d
INFO Starting to process commit 86 of 307 (28.01%): 70623790d07a0de6dbd9a4e0d8e665298c73f04c
INFO Starting to process commit 87 of 307 (28.34%): 48f10e1d0d5873c7baa0613156294307f8c9942d
INFO Starting to process commit 88 of 307 (28.66%): 938d5152ca6a2e347cd62aaba25c178fd077a235
INFO Starting to process commit 89 of 307 (28.99%): 99968002fb7aa5fe7af681932606876d8c6a99da
INFO Starting to process commit 90 of 307 (29.32%): 6d747dca22c8a232273be468304d59c6fe802d5d
INFO Starting to process commit 91 of 307 (29.64%): e0cbcdc335618ba0d53ecae9cc81230c7cb464e3
INFO Starting to process commit 92 of 307 (29.97%): 8f3f0710ff0aeda0d590cd8f74453f3a085e5e15
INFO Starting to process commit 93 of 307 (30.29%): fb6fca806daa0c602fba0a383f09a55b55cb60ce
INFO Starting to process commit 94 of 307 (30.62%): cad6459b681dac94801ca63fac61eff1faf3626f
INFO Starting to process commit 95 of 307 (30.94%): 06821627fb6fde0e55d70263469394a0a5299899
INFO Starting to process commit 96 of 307 (31.27%): 44cd232befd81b7efff0b2c1256fbf8d2490649d
INFO Starting to process commit 97 of 307 (31.60%): 9d3bcb58755e820fb3d7829260a5dd1292628f38
INFO Starting to process commit 98 of 307 (31.92%): f65b62c98742e2db706f64b4c41fec512290e533
INFO Starting to process commit 99 of 307 (32.25%): 178cccbf9eaab103460694c37f16e6e40773866a
INFO Starting to process commit 100 of 307 (32.57%): 97c8bdfebecb699142c1dd4134250227faed2574
INFO Starting to process commit 101 of 307 (32.90%): 6aefbf1216fc1173bf0eab4c021054bebeba0a6a
INFO Starting to process commit 102 of 307 (33.22%): b7fe25dc2829aee80f02ff625bfc5ae8f6858578
INFO Starting to process commit 103 of 307 (33.55%): 194d14ca2fd78e0e7f390adafd7774b6e848bb25
INFO Starting to process commit 104 of 307 (33.88%): 8dc2464b03a1c4183e0a6264cbe3f99b2f65687f
INFO Starting to process commit 105 of 307 (34.20%): b24063582d425e40f68f8fc2a773cf19546e9f94
INFO Starting to process commit 106 of 307 (34.53%): 3f0661639c3ef3b18e4437f00075352df0af6cee
INFO Starting to process commit 107 of 307 (34.85%): f69fcb24832780a9cc4fd17818967374fcb0710f
INFO Starting to process commit 108 of 307 (35.18%): 49076ba8712497b7da5255c0fc3e3bfb1442daaf
INFO Starting to process commit 109 of 307 (35.50%): 337f706f6118f2c91e9906afcdaa233f7cfdbaf9
INFO Starting to process commit 110 of 307 (35.83%): 0c9a8ac073b99af1679d62cd92b3a6b05ab353f6
INFO Starting to process commit 111 of 307 (36.16%): 18348c0b695d16002a199a770c0c2cf7fe89ca4b
INFO Starting to process commit 112 of 307 (36.48%): 3b565bacf1fc59a571456e24f29dcc9009457bbf
INFO Starting to process commit 113 of 307 (36.81%): 10a966a2a085bfa54441b7aa5b09839b90bfcf99
INFO Starting to process commit 114 of 307 (37.13%): 9b441c0dda57a79dc96eba90be6e2d1ece4b4905
INFO Starting to process commit 115 of 307 (37.46%): f5dfe026d121725bb5276c249e3d031e069273b3
INFO Starting to process commit 116 of 307 (37.79%): 7781dd73163fa55022a9b6edeaf99fcef0b2b8b6
INFO Starting to process commit 117 of 307 (38.11%): ebf5ad50eb2e97fcec2d2f64dff410cf5b65dad5
INFO Starting to process commit 118 of 307 (38.44%): 1b544b74247e538a2cda7bd476cb340cf8f57b81
INFO Starting to process commit 119 of 307 (38.76%): f9d2f99653193adbe422e169bb417db2b5c85c64
INFO Starting to process commit 120 of 307 (39.09%): 935ae1bfd0bad813ff6d1ba99552b90691d12b6d
INFO Starting to process commit 121 of 307 (39.41%): e64e6500d3a3bdbb2d3c9faa5e2d9d845f120b17
INFO Starting to process commit 122 of 307 (39.74%): a928d39d0c4b72109c81f5bf8e292c4fafdd8fee
INFO Starting to process commit 123 of 307 (40.07%): fae7648ba19fc73cc11c38af4267d85b1d52435d
INFO Starting to process commit 124 of 307 (40.39%): 908329c3901204a501be902606e073b3b05e28c0
INFO Starting to process commit 125 of 307 (40.72%): bedbc3e6fc2509ffa3b9a64da224fb21cd649284
INFO Starting to process commit 126 of 307 (41.04%): 525bdc37718b4d1a48910f7e6b9acf1005078fac
INFO Starting to process commit 127 of 307 (41.37%): 4c26a3a5cde02b45a38b04105f5d8d470ef2c458
INFO Starting to process commit 128 of 307 (41.69%): d455bb879db84d73683ecfa17c600cb46ca72220
INFO Starting to process commit 129 of 307 (42.02%): 6961d912061c81b7a444e7c00163ae240e318c42
INFO Starting to process commit 130 of 307 (42.35%): 5d6b5a03557385e1a0d6d6ecc29522b0101e22dd
INFO Starting to process commit 131 of 307 (42.67%): 9e7e91c13e32fc5897b336dbed8df1fd060a3ac4
INFO Starting to process commit 132 of 307 (43.00%): 5b01dab618fc287df4e6c41fa88c4a64d31fa3f3
INFO Starting to process commit 133 of 307 (43.32%): 5659b0734c628f3f42fd976b6ce91372be3019ae
INFO Starting to process commit 134 of 307 (43.65%): 86547cc24a67216945ef2245b4f6290a3b18e1ea
INFO Starting to process commit 135 of 307 (43.97%): 24dc02064e6203958136d8ea3a354fc1329cb7b0
INFO Starting to process commit 136 of 307 (44.30%): 63b1557a256a53e1729ecfc9bcadf10f67a90ba2
INFO Starting to process commit 137 of 307 (44.63%): 0d96c46c7c4de3f4464e8d55b6134b9bd082cf34
INFO Starting to process commit 138 of 307 (44.95%): 4a4d86d40f9137144103147e7a0ba74fbf3aaca8
INFO Starting to process commit 139 of 307 (45.28%): 6336e1ff1e11fa71ce6dce6f1edd51bbedd02aa0
INFO Starting to process commit 140 of 307 (45.60%): 77cd38d40c00290873226d610fc47098232b7c7a
INFO Starting to process commit 141 of 307 (45.93%): 09589fccfdd27478defc3e3e3827265d50fa9e33
INFO Starting to process commit 142 of 307 (46.25%): ab22a688d87e428311c1c227a6816dd4508c441e
INFO Starting to process commit 143 of 307 (46.58%): 2a39fe99135e060decef1a6c7490b195e1702745
INFO Starting to process commit 144 of 307 (46.91%): 81763669a5c17df4f226a9072da38275c2aa50d9
INFO Starting to process commit 145 of 307 (47.23%): 99165298804cd3c84908bd5052c0000a6b8ab28b
INFO Starting to process commit 146 of 307 (47.56%): 9073b56a3d59b2b77e8fbe2277e039f612281e64
INFO Starting to process commit 147 of 307 (47.88%): 9f8c0975eda7fe3acd91992f8285b68b731929e0
INFO Starting to process commit 148 of 307 (48.21%): 72ddacdbe91b87683ef1c712e6c9e49e9d4d0c79
INFO Starting to process commit 149 of 307 (48.53%): 7003d334e8a4971c2de269070c2d4e7cffb61ec7
INFO Starting to process commit 150 of 307 (48.86%): 321ad6872673694d2168f13dc2c472958a81d352
INFO Starting to process commit 151 of 307 (49.19%): 164a1d028b30cdd1363c3dc82fcd6c5a7a343e54
INFO Starting to process commit 152 of 307 (49.51%): fa9ab1f5f7365b73c2678f9b0ca15357ecb76a3b
INFO Starting to process commit 153 of 307 (49.84%): 6df245c6ec333c2c90fbbf7efafb71f43751bf6d
INFO Starting to process commit 154 of 307 (50.16%): 44a87229b60c92f27dbc3ad531e865c9a1db59ff
INFO Starting to process commit 155 of 307 (50.49%): 92635c726ac063770f20ce9cc3da48f33a5ad73b
INFO Starting to process commit 156 of 307 (50.81%): e4636ebdc84ca28cf378873435cc9a27c81756f8
INFO Starting to process commit 157 of 307 (51.14%): 534c4881b51b1bffaac1afcfbcfdc0dde09ccdb4
INFO Starting to process commit 158 of 307 (51.47%): 00fa677a5546868b046fc712a54039c89fcc42d3
INFO Starting to process commit 159 of 307 (51.79%): ad1ff784f09e2a9a8e955055cea96be5bade7c53
INFO Starting to process commit 160 of 307 (52.12%): 6d03146a8ccc8322d134dd41be7fc14721b8b55b
INFO Starting to process commit 161 of 307 (52.44%): 95db13d3428f901ed4c6b15e8187636a1ea01b12
INFO Starting to process commit 162 of 307 (52.77%): 42e1c298162b0ad465b10d06617d15be9548a66d
INFO Starting to process commit 163 of 307 (53.09%): 7cdb00a4592b0283088382997c063a1e93305efc
INFO Starting to process commit 164 of 307 (53.42%): 6d8507d06bd8f1dbe91a688393e6fbd2b3382f23
INFO Starting to process commit 165 of 307 (53.75%): 98739237eebad082b9374e8b6cfa41cada905ebb
INFO Starting to process commit 166 of 307 (54.07%): be722e59eca6cf4b8f9249825e044930d6534f74
INFO Starting to process commit 167 of 307 (54.40%): 29e89da1a26c692ea5375674ea79fe0841e810b0
INFO Starting to process commit 168 of 307 (54.72%): 4988e39c645c5c520fdc9094fdb1bd4a45a852a0
INFO Starting to process commit 169 of 307 (55.05%): 0d42d9f8d182a816849d2721c3161d152d6d5bea
INFO Starting to process commit 170 of 307 (55.37%): 667dfb4ac3ca4b7d7726240db04de4d4b10f8bbd
INFO Starting to process commit 171 of 307 (55.70%): dbfe79757b33231b3e5dc8537deb85fba8402eef
INFO Starting to process commit 172 of 307 (56.03%): 8099a61b648a1cfc862461487f1db9ecd47d065e
INFO Starting to process commit 173 of 307 (56.35%): 80a5295d42ad875259c5fd082ee781b9e08b2c8c
INFO Starting to process commit 174 of 307 (56.68%): 1cddd63976b8f266ab4d5088061b7b8cd0f3b412
INFO Starting to process commit 175 of 307 (57.00%): 54bfabb78a09bc50f270a81756a303e49965f253
INFO Starting to process commit 176 of 307 (57.33%): e252b3b4f294745ca8ac6d1c1850de2e7f1365c7
INFO Starting to process commit 177 of 307 (57.65%): 2f371cb12c0a637ac4fc5e58e7bb63d4deefbd03
INFO Starting to process commit 178 of 307 (57.98%): 75e6994d4edc712a281aaa46574ed90ecd19ba49
INFO Starting to process commit 179 of 307 (58.31%): f6e36a64975fdd9c39507f4447a469de1e850598
INFO Starting to process commit 180 of 307 (58.63%): b75d6baf074a61f2119b8619c86bd2fae1cb2833
INFO Starting to process commit 181 of 307 (58.96%): c96aa23adb9f1cb7e195d3585a2c78af7aab2ce5
INFO Starting to process commit 182 of 307 (59.28%): e68d188f648b614523876a8fbd0d61412cb87232
INFO Starting to process commit 183 of 307 (59.61%): aff6a5af880636fdca8dbe323cef3e3f553f9e5c
INFO Starting to process commit 184 of 307 (59.93%): 7938f32c532557eff69ada6a29b46906c3e691a3
INFO Starting to process commit 185 of 307 (60.26%): d847ad598d752dad479250b7f289858cc272cb04
INFO Starting to process commit 186 of 307 (60.59%): 1e5a4b99ee81164291fd2cf5a25408e641640e97
INFO Starting to process commit 187 of 307 (60.91%): 94703f668afc25aee3ea7341313a42322de798e6
INFO Starting to process commit 188 of 307 (61.24%): e834297b39d415a9df3d5e56a7587e84b49e8d6c
INFO Starting to process commit 189 of 307 (61.56%): c81a616caba1b0e723df08b5040a2daea9f6ddbc
INFO Starting to process commit 190 of 307 (61.89%): 71238d3cce09315af5e0dd9a320e1e743353849a
INFO Starting to process commit 191 of 307 (62.21%): b29640c78bbd6d010822819f6e298933ac11c248
INFO Starting to process commit 192 of 307 (62.54%): e3ea996919295213eacc41d01fdc4018cbc5edf6
INFO Starting to process commit 193 of 307 (62.87%): 6e171585027e5dfcf519cf4bdc9a281248cfe0c3
INFO Starting to process commit 194 of 307 (63.19%): 02d8520869a1ec23e1a7bc77cc8b90e3bca2cc03
INFO Starting to process commit 195 of 307 (63.52%): 5736649eb8eca8b6f1870a1868def188be1467ff
INFO Starting to process commit 196 of 307 (63.84%): f6bb60087064ae8adad691887d245c58114d092e
INFO Starting to process commit 197 of 307 (64.17%): c6fd8a421263f5e0386b6f711ea62e68b0188ad6
INFO Starting to process commit 198 of 307 (64.50%): 3074a98378e7916fde46981f4f5c0885754a13f2
INFO Starting to process commit 199 of 307 (64.82%): 653da8fe8f42d96a8ed117f8936f1187dd7288e8
INFO Starting to process commit 200 of 307 (65.15%): 11c5717cdb5a019ff416fa07b9192cc87c29c13d
INFO Starting to process commit 201 of 307 (65.47%): 845256bdb356bf280347c41de76f5998faa9e24b
INFO Starting to process commit 202 of 307 (65.80%): 9d815707e226b432ebd38682826a96e7a00cb46e
INFO Starting to process commit 203 of 307 (66.12%): 0b5136c7cefb52a18eec9e69c5d27d82b04ea867
INFO Starting to process commit 204 of 307 (66.45%): 9241b4e340386abfc5fcd32dab86fa5ef0002bac
INFO Starting to process commit 205 of 307 (66.78%): 2947ded7a8fced28fb3478f556194d12433145ad
INFO Starting to process commit 206 of 307 (67.10%): 993c072029fb2c3938d3685ca7e38b5eab29c400
INFO Starting to process commit 207 of 307 (67.43%): ca62a39985bf9d1835e8a9718d7f6c02f1f0607c
INFO Starting to process commit 208 of 307 (67.75%): 1c0fdba4f2cfbabadcbd16933882dbb2fb2e77f8
INFO Starting to process commit 209 of 307 (68.08%): 9df31cfb7784b158308abc5eabb7ff5176011518
INFO Starting to process commit 210 of 307 (68.40%): 47df14af529dde9057e35ad0d0c77ca7b22813f3
INFO Starting to process commit 211 of 307 (68.73%): 00a12a0b83e8ca6747e19f233a3e926886358c4a
INFO Starting to process commit 212 of 307 (69.06%): ee039b7403b55b1d4f85b5527a8caee09fa30844
INFO Starting to process commit 213 of 307 (69.38%): 76ba0df6020f477a17a19b5ea69d46edaf085e28
INFO Starting to process commit 214 of 307 (69.71%): e22b9889d640b2db9a896a97e08c7fbe13563481
INFO Starting to process commit 215 of 307 (70.03%): 1f85244abe7d4e930b3922c306cabf2e2ca1cddb
INFO Starting to process commit 216 of 307 (70.36%): 206e57e5b012ae03315dfb84735d034dd9cfd26e
INFO Starting to process commit 217 of 307 (70.68%): 1d6e154a73505cd0366cdeec7cc8582dd3ac2191
INFO Starting to process commit 218 of 307 (71.01%): 2c492be00a13bfbc389d2b1b97c6bf91520e280e
INFO Starting to process commit 219 of 307 (71.34%): f46478c1e9af601759e341de76d4c655b4a66068
INFO Starting to process commit 220 of 307 (71.66%): 7fc8bf4a428c08fcb9c9e97d238628319a20986e
INFO Starting to process commit 221 of 307 (71.99%): 6b59b10248b0bd92127dfc455ca40579d4c396a0
INFO Starting to process commit 222 of 307 (72.31%): d2c892c7299a6da07f84a6c99dace833dc946ce5
INFO Starting to process commit 223 of 307 (72.64%): 7046e7804009c58b37d04eeb63ced7cc46b69875
INFO Starting to process commit 224 of 307 (72.96%): 2d0b5ebb5bdc06cf34488a75318c0ba66e3f2edf
INFO Starting to process commit 225 of 307 (73.29%): 5e2fcf813d54980df00976a01fca571b7007ae16
INFO Starting to process commit 226 of 307 (73.62%): 4693fc6db14e00db7f1af0b02fad15da35fb3799
INFO Starting to process commit 227 of 307 (73.94%): c674d3cc756742d2987d6f392f502e39673a5044
INFO Starting to process commit 228 of 307 (74.27%): dbaaef5c4cdeac07449230a7b69adc9173b97309
INFO Starting to process commit 229 of 307 (74.59%): b9a2d8698a22c4b267e252caad56d8b31fcadd38
INFO Starting to process commit 230 of 307 (74.92%): abcd2923960645d740f830d53a686e6ff270cf77
INFO Starting to process commit 231 of 307 (75.24%): 1c81b67341300853d7fe9b6568b247e579c34969
INFO Starting to process commit 232 of 307 (75.57%): 8301a7cd828c4576c1e581cb2dd376f42a363a11
INFO Starting to process commit 233 of 307 (75.90%): b63e716ffc95f4c4c77a06a9d20085bdcbb67059
INFO Starting to process commit 234 of 307 (76.22%): fa27734b7681ceb75666efa1266bddda250aade2
INFO Starting to process commit 235 of 307 (76.55%): 4b384e08a9680d480976ab575ecf54acdb4d1922
INFO Starting to process commit 236 of 307 (76.87%): a0165a64b9efc3201bda69e4271ecf0f149bc59c
INFO Starting to process commit 237 of 307 (77.20%): af6a43fa494bd3152c000d4e03e43f091c742d48
INFO Starting to process commit 238 of 307 (77.52%): 4d1c327edfcea8a9ed1470a51b620ff219c41246
INFO Starting to process commit 239 of 307 (77.85%): 094b11cbcb528a7d120c31402a1bcd9c82d84938
INFO Starting to process commit 240 of 307 (78.18%): c0e07234631cfcea1d6724c05606964a4d833f39
INFO Starting to process commit 241 of 307 (78.50%): 62212dbf490d736ad06523a92345a480e4972dab
INFO Starting to process commit 242 of 307 (78.83%): 094665ac0cccc04c7797881ff2a27ff330e9a72e
INFO Starting to process commit 243 of 307 (79.15%): 7e30531f20b8c367aad81454abda8505a0d9962a
INFO Starting to process commit 244 of 307 (79.48%): 0bbf8fa14035371cdc5bb04f5db51da8a8f94d48
INFO Starting to process commit 245 of 307 (79.80%): 774271c38a8c3e96c7518b3c03de2f00e87138be
INFO Starting to process commit 246 of 307 (80.13%): 55ad6188b067ba6594819c318dd2ae92dea2f27e
INFO Starting to process commit 247 of 307 (80.46%): 59b1cdf9bb1c97475f369c0ca2b27ce2eaa1a0d4
INFO Starting to process commit 248 of 307 (80.78%): 38fbc8af1850a160c0097b3ee5dcb4727b0dadb8
INFO Starting to process commit 249 of 307 (81.11%): 29d7ab3f82e38c442e449739e218349b9a4a16ea
INFO Starting to process commit 250 of 307 (81.43%): 4adf457ff3619fd8b99f025c5ea67b7dac96fea8
INFO Starting to process commit 251 of 307 (81.76%): bd09b7aa79aee34608e71fd4ba90d157dae828fc
INFO Starting to process commit 252 of 307 (82.08%): d6b0720b9cd5d993dffc229e73d8377aae2c2ed4
INFO Starting to process commit 253 of 307 (82.41%): d0eb24bae0023848447568d024acdaadb632edfe
INFO Starting to process commit 254 of 307 (82.74%): 02502e2c14efe99b8179ca23f3341254c9f39351
INFO Starting to process commit 255 of 307 (83.06%): f23e8ca672df0264f80daf89cc9852453b95ae9d
INFO Starting to process commit 256 of 307 (83.39%): 471a4356bfc57e37218afa6e2db4e9a58e53032b
INFO Starting to process commit 257 of 307 (83.71%): c8124b88aecf8b01f6376950b7caf1ba9f619988
INFO Starting to process commit 258 of 307 (84.04%): b59c30f729401214131dd1378a49efa80f134717
INFO Starting to process commit 259 of 307 (84.36%): d7492f1514674825a63c89ae635e57f535800c8d
INFO Starting to process commit 260 of 307 (84.69%): 141de86862898a4b9e35c15f51031952c63c7114
INFO Starting to process commit 261 of 307 (85.02%): 860463d97eb3a006f2c608165d9e657be86080ec
INFO Starting to process commit 262 of 307 (85.34%): 06ad51c83b46618579b6df4d73b510cdfc1de5ed
INFO Starting to process commit 263 of 307 (85.67%): 8514ebd1827b12bae8b5d53d8f0e36244d1b3c3a
INFO Starting to process commit 264 of 307 (85.99%): 10d969ff1a15e8f53eb5a2fa7eb8cfb321609b55
INFO Starting to process commit 265 of 307 (86.32%): 26cf6c82c82cbf45afe5998e4a881b9f52202a01
INFO Starting to process commit 266 of 307 (86.64%): ea2656dc8658f99a0e9be2342557763e974513b9
INFO Starting to process commit 267 of 307 (86.97%): 08c288e96b9e2e81c0e030f51adcd9e48bab757b
INFO Starting to process commit 268 of 307 (87.30%): df112b33fdcac6e920baa01e2b71e4b54b289b43
INFO Starting to process commit 269 of 307 (87.62%): 2ab316abd82d2667c2bc724be2f4582370ba5957
INFO Starting to process commit 270 of 307 (87.95%): 6bca61e0f137a38543f7ce23abcd90e058d9defd
INFO Starting to process commit 271 of 307 (88.27%): 3c2a5947c243ccbc611c1846c685b73de4462242
INFO Starting to process commit 272 of 307 (88.60%): d6e55577cf1444585288a8c63c9c04a2a9a9f288
INFO Starting to process commit 273 of 307 (88.93%): 3c9e41bb5393e0a857d8755bb50345544cc31b50
INFO Starting to process commit 274 of 307 (89.25%): fff9e8755c298bfe2b3b0c33c4b96ffd43a1eab6
INFO Starting to process commit 275 of 307 (89.58%): a50d0837b633bf780b32a20b8d4f23ccd9521c8d
INFO Starting to process commit 276 of 307 (89.90%): b84131eef879049a43f7cd00831575fa118cdefb
INFO Starting to process commit 277 of 307 (90.23%): bb3097cd0a0c9df9818a3eb48eee92eed6107061
INFO Starting to process commit 278 of 307 (90.55%): ab8a508489e7a9b6cc60d666339381953e498d19
INFO Starting to process commit 279 of 307 (90.88%): 420303b9433d081b2507202221a2e912b3509f4c
INFO Starting to process commit 280 of 307 (91.21%): 8a7e70919f4bab0757523ae97c170396cb13c83d
INFO Starting to process commit 281 of 307 (91.53%): 350765e79069ec09b115a1bd50544063ade61bef
INFO Starting to process commit 282 of 307 (91.86%): ecf818a1cddd5e3e62b4a2a761d44b2be336317e
INFO Starting to process commit 283 of 307 (92.18%): 607cb80bf77642c02b80bff56aa4c3e396a91fa0
INFO Starting to process commit 284 of 307 (92.51%): a15dfb3648b903fa61c299347b315ad8302d8e15
INFO Starting to process commit 285 of 307 (92.83%): ec2b213ab611cb197e86c45d03fb10af667ad95c
INFO Starting to process commit 286 of 307 (93.16%): 7ab99227e63bfec734bf2372e80ef5a93dc2ef54
INFO Starting to process commit 287 of 307 (93.49%): 13917dfab9b67290603e5badcb0ed04e7cde13ca
INFO Starting to process commit 288 of 307 (93.81%): 14940a067d007af445560a0a7eb414f6547a7cd4
INFO Starting to process commit 289 of 307 (94.14%): 72ab66d88622eadcf7c603aa5e6c0751d72214dc
INFO Starting to process commit 290 of 307 (94.46%): 968deb7c2cd2e4fab7edf03f2a73fb62bb652171
INFO Starting to process commit 291 of 307 (94.79%): 9686216f9d44e1d6b4fa60a5c0866746d1afa60b
INFO Starting to process commit 292 of 307 (95.11%): 482e0b11d988983a777990a931a6d4125117c0f3
INFO Starting to process commit 293 of 307 (95.44%): 96be2bb3dc038e79cc08a031d473ace81769250a
INFO Starting to process commit 294 of 307 (95.77%): bf3734ad53c6ad212c56730350e6265bf8278913
INFO Starting to process commit 295 of 307 (96.09%): 2c510146aa03c74fb00a15bcf81c62b14df9c7ea
INFO Starting to process commit 296 of 307 (96.42%): 6996830104afca5926daecc05d9154a0a9eb274d
INFO Starting to process commit 297 of 307 (96.74%): 48e63975aac7f13048a4b2e426e36d2c81828d6d
INFO Starting to process commit 298 of 307 (97.07%): eeb76db0fd0dc2a1115c2f2ad12c82eadbc62509
INFO Starting to process commit 299 of 307 (97.39%): a4cef543504600db95453aa863b97ed82c833d41
INFO Starting to process commit 300 of 307 (97.72%): ab7228b3c27719e447de4dffe9b3fd7f67d6f346
INFO Starting to process commit 301 of 307 (98.05%): ece768ff9e7d2b0166c0b1850467a489556b93fc
INFO Starting to process commit 302 of 307 (98.37%): e98058a3cf4f5ba4cd2d37dfdb2a0951b9aa9730
INFO Starting to process commit 303 of 307 (98.70%): 1b970e8598bd414dc2e84fbb1334f42065ed8233
INFO Starting to process commit 304 of 307 (99.02%): 92e7875210d3f6a52b3ef43e8a249022aba5a07c
INFO Starting to process commit 305 of 307 (99.35%): fa6405c3c39c2f054d71323256c65bef34d7aed0
INFO Starting to process commit 306 of 307 (99.67%): f257d983943d6ec2253d50a245cd4810cab45e4b
INFO Starting to process commit 307 of 307 (100.00%): cb06133d42e4041fe19d2e66f254abf188f1025e
INFO finished gathering release notes in 12.732618051s
INFO Got 0 release notes, performing rendering
INFO Setting up repository github.com/containers/podman
INFO Retrieving modules of f69fcb24832780a9cc4fd17818967374fcb0710f
INFO Retrieving modules of c8b9a2e3ec3630e9172499e15205c11b823c8107
INFO 635 modules found
INFO 194 modules added
INFO 48 modules changed
INFO 3 modules removed
INFO Release notes written to file: /tmp/esm-esm.md
f libpod$                                                                                                                                  podman-release-notes
